1654657695557	geckodriver	INFO	Listening on 127.0.0.1:65124
1654657698633	mozrunner::runner	INFO	Running command: "C:\\Program Files\\Mozilla Firefox\\firefox.exe" "--marionette" "--remote-debugging-port" "65125" "--remote-allow-hosts" "localhost" "-no-remote" "-profile" "C:\\Users\\sugih\\AppData\\Local\\Temp\\rust_mozprofilenRSYNo"
1654657698993	Marionette	INFO	Marionette enabled
WebDriver BiDi listening on ws://localhost:65125
console.warn: SearchSettings: "get: No settings file exists, new profile?" (new NotFoundError("Could not open the file at C:\\Users\\sugih\\AppData\\Local\\Temp\\rust_mozprofilenRSYNo\\search.json.mozlz4", (void 0)))
1654657701014	Marionette	INFO	Listening on port 65144
Read port: 65144
DevTools listening on ws://localhost:65125/devtools/browser/c8f1ab5c-2ba8-45c9-8d81-16e56dfc45d2
1654657701106	RemoteAgent	WARN	TLS certificate errors will be ignored for this session
console.warn: LoginRecipes: "getRecipes: falling back to a synchronous message for:" "http://10.251.4.67:8000"
console.warn: LoginRecipes: "getRecipes: falling back to a synchronous message for:" "http://10.251.4.67:8000"
JavaScript error: resource://gre/modules/LoginManagerParent.jsm, line 136: TypeError: gRecipeManager is null
1654657707328	Marionette	WARN	TimedPromise timed out after 500 ms: stacktrace:
TimedPromise/<@chrome://remote/content/marionette/sync.js:235:19
TimedPromise@chrome://remote/content/marionette/sync.js:220:10
interaction.flushEventLoop@chrome://remote/content/marionette/interaction.js:431:10
webdriverClickElement@chrome://remote/content/marionette/interaction.js:179:31
1654657907104	Marionette	INFO	Stopped listening on port 65144
console.warn: TopSitesFeed: Failed to fetch data from Contile server: NetworkError when attempting to fetch resource.

###!!! [Parent][PGPUParent] Error: RunMessage(msgname=PGPU::Msg_ShutdownVR) Channel closing: too late to send/recv, messages will be lost

