1654658994228	geckodriver	INFO	Listening on 127.0.0.1:50155
1654658997302	mozrunner::runner	INFO	Running command: "C:\\Program Files\\Mozilla Firefox\\firefox.exe" "--marionette" "--remote-debugging-port" "50156" "--remote-allow-hosts" "localhost" "-no-remote" "-profile" "C:\\Users\\sugih\\AppData\\Local\\Temp\\rust_mozprofileNhS46Z"
1654658997728	Marionette	INFO	Marionette enabled
WebDriver BiDi listening on ws://localhost:50156
console.warn: SearchSettings: "get: No settings file exists, new profile?" (new NotFoundError("Could not open the file at C:\\Users\\sugih\\AppData\\Local\\Temp\\rust_mozprofileNhS46Z\\search.json.mozlz4", (void 0)))
1654658999473	Marionette	INFO	Listening on port 50175
DevTools listening on ws://localhost:50156/devtools/browser/79a98caa-7955-4e4e-ba74-fee403b216bd
Read port: 50175
1654658999539	RemoteAgent	WARN	TLS certificate errors will be ignored for this session
console.warn: LoginRecipes: "getRecipes: falling back to a synchronous message for:" "http://10.251.4.67:8000"
console.warn: LoginRecipes: "getRecipes: falling back to a synchronous message for:" "http://10.251.4.67:8000"
JavaScript error: resource://gre/modules/LoginManagerParent.jsm, line 136: TypeError: gRecipeManager is null
console.warn: LoginRecipes: "getRecipes: falling back to a synchronous message for:" "http://10.251.4.67:8000"
JavaScript error: resource://gre/modules/LoginManagerParent.jsm, line 136: TypeError: gRecipeManager is null
console.warn: LoginRecipes: "getRecipes: falling back to a synchronous message for:" "http://10.251.4.67:8000"
JavaScript error: resource://gre/modules/LoginManagerParent.jsm, line 136: TypeError: gRecipeManager is null
1654659005783	Marionette	WARN	TimedPromise timed out after 500 ms: stacktrace:
TimedPromise/<@chrome://remote/content/marionette/sync.js:235:19
TimedPromise@chrome://remote/content/marionette/sync.js:220:10
interaction.flushEventLoop@chrome://remote/content/marionette/interaction.js:431:10
webdriverClickElement@chrome://remote/content/marionette/interaction.js:179:31
1654659334745	Marionette	INFO	Stopped listening on port 50175
console.warn: TopSitesFeed: Failed to fetch data from Contile server: NetworkError when attempting to fetch resource.

###!!! [Parent][PBackgroundParent] Error: RunMessage(msgname=PClientManager::Msg_Teardown) Channel closing: too late to send/recv, messages will be lost

