1654658413098	geckodriver	INFO	Listening on 127.0.0.1:49182
1654658416154	mozrunner::runner	INFO	Running command: "C:\\Program Files\\Mozilla Firefox\\firefox.exe" "--marionette" "--remote-debugging-port" "49183" "--remote-allow-hosts" "localhost" "-no-remote" "-profile" "C:\\Users\\sugih\\AppData\\Local\\Temp\\rust_mozprofilevPoyc9"
1654658416576	Marionette	INFO	Marionette enabled
WebDriver BiDi listening on ws://localhost:49183
console.warn: SearchSettings: "get: No settings file exists, new profile?" (new NotFoundError("Could not open the file at C:\\Users\\sugih\\AppData\\Local\\Temp\\rust_mozprofilevPoyc9\\search.json.mozlz4", (void 0)))
1654658418670	Marionette	INFO	Listening on port 49201
DevTools listening on ws://localhost:49183/devtools/browser/e601b2b9-858d-4071-9468-0c4047dae90f
Read port: 49201
1654658418795	RemoteAgent	WARN	TLS certificate errors will be ignored for this session
console.warn: LoginRecipes: "getRecipes: falling back to a synchronous message for:" "http://10.251.4.67:8000"
console.warn: LoginRecipes: "getRecipes: falling back to a synchronous message for:" "http://10.251.4.67:8000"
JavaScript error: resource://gre/modules/LoginManagerParent.jsm, line 136: TypeError: gRecipeManager is null
1654658429299	Marionette	WARN	TimedPromise timed out after 500 ms: stacktrace:
TimedPromise/<@chrome://remote/content/marionette/sync.js:235:19
TimedPromise@chrome://remote/content/marionette/sync.js:220:10
interaction.flushEventLoop@chrome://remote/content/marionette/interaction.js:431:10
webdriverClickElement@chrome://remote/content/marionette/interaction.js:179:31
1654658434590	Marionette	WARN	TimedPromise timed out after 500 ms: stacktrace:
TimedPromise/<@chrome://remote/content/marionette/sync.js:235:19
TimedPromise@chrome://remote/content/marionette/sync.js:220:10
interaction.flushEventLoop@chrome://remote/content/marionette/interaction.js:431:10
webdriverClickElement@chrome://remote/content/marionette/interaction.js:179:31
console.warn: LoginRecipes: "getRecipes: falling back to a synchronous message for:" "http://10.251.4.67:8000"
JavaScript error: resource://gre/modules/LoginManagerParent.jsm, line 136: TypeError: gRecipeManager is null
JavaScript error: resource://gre/modules/AsyncShutdown.jsm, line 575: NotFoundError: No such JSWindowActor 'DevToolsFrame'
1654659324997	Marionette	INFO	Stopped listening on port 49201

###!!! [Parent][PGPUParent] Error: RunMessage(msgname=PGPU::Msg_ShutdownVR) Channel closing: too late to send/recv, messages will be lost

